<site-packages>/elasticsearch/connection/base.py:200: ElasticsearchWarning: Elasticsearch built-in security features are not enabled. Without authentication, your cluster could be accessible to anyone. See https://www.elastic.co/guide/en/elasticsearch/reference/7.17/security-minimal-setup.html to enable security.
  warnings.warn(message, category=ElasticsearchWarning)
Connected to ES 7.17.4
  Loading Yelp JSON/yelp_academic_dataset_business.json... 1.2s, 127,123 businesses

========================================================================
Multi-predicate composability: 127,123 businesses (Yelp)
========================================================================
  [BKD] building index (time + categories + state)... <benchmark>/benchmark_es_multi3.py:162: DeprecationWarning: The 'body' parameter is deprecated for the 'create' API and will be removed in a future version. Instead use API parameters directly. See https://github.com/elastic/elasticsearch-py/issues/1698 for more information
  es.indices.create(index=INDEX_RANGE, body={
done (4.27s)
  [BKD] warmup + measure P1/P2/P3 (size=20, top-K production-like)...
<benchmark>/benchmark_es_multi3.py:199: DeprecationWarning: The 'body' parameter is deprecated for the 'search' API and will be removed in a future version. Instead use API parameters directly. See https://github.com/elastic/elasticsearch-py/issues/1698 for more information
  resp = es.search(index=INDEX_RANGE, body={
<benchmark>/benchmark_es_multi3.py:212: DeprecationWarning: The 'body' parameter is deprecated for the 'search' API and will be removed in a future version. Instead use API parameters directly. See https://github.com/elastic/elasticsearch-py/issues/1698 for more information
  resp = es.search(index=INDEX_RANGE, body={
<benchmark>/benchmark_es_multi3.py:226: DeprecationWarning: The 'body' parameter is deprecated for the 'search' API and will be removed in a future version. Instead use API parameters directly. See https://github.com/elastic/elasticsearch-py/issues/1698 for more information
  resp = es.search(index=INDEX_RANGE, body={
  [Timehash] building index (timehash_keys + categories + state)... <benchmark>/benchmark_es_multi3.py:243: DeprecationWarning: The 'body' parameter is deprecated for the 'create' API and will be removed in a future version. Instead use API parameters directly. See https://github.com/elastic/elasticsearch-py/issues/1698 for more information
  es.indices.create(index=INDEX_TIMEHASH, body={
done (3.03s, 7.4 terms/doc)
  [Timehash] warmup + measure P1/P2/P3 (size=20)...
<benchmark>/benchmark_es_multi3.py:286: DeprecationWarning: The 'body' parameter is deprecated for the 'search' API and will be removed in a future version. Instead use API parameters directly. See https://github.com/elastic/elasticsearch-py/issues/1698 for more information
  resp = es.search(index=INDEX_TIMEHASH, body={
<benchmark>/benchmark_es_multi3.py:301: DeprecationWarning: The 'body' parameter is deprecated for the 'search' API and will be removed in a future version. Instead use API parameters directly. See https://github.com/elastic/elasticsearch-py/issues/1698 for more information
  resp = es.search(index=INDEX_TIMEHASH, body={
<benchmark>/benchmark_es_multi3.py:317: DeprecationWarning: The 'body' parameter is deprecated for the 'search' API and will be removed in a future version. Instead use API parameters directly. See https://github.com/elastic/elasticsearch-py/issues/1698 for more information
  resp = es.search(index=INDEX_TIMEHASH, body={
  [precision/recall] measuring vs ground truth (50-query sample, size=200000)...
  Method     Pred  Precision     Recall       FP       FN
  BKD        P1       1.0000     0.9284        0   430269
  Timehash   P1       1.0000     1.0000        0        0
  BKD        P2       1.0000     1.0000        0        0
  Timehash   P2       1.0000     1.0000        0        0
  BKD        P3       1.0000     1.0000        0        0
  Timehash   P3       1.0000     1.0000        0        0

  Predicates                          BKD P50    BKD P95     TH P50     TH P95   Ratio P50
  --------------------------------------------------------------------------------------------
  P1: time only                          0.8        1.0        0.4        0.4     TH 2.00x
  P2: time + category                    0.9        1.6        0.7        0.9     TH 1.31x
  P3: time + category + state            0.8        1.3        0.6        0.9     TH 1.35x

  Marginal cost (P50 delta in ms):
  ------------------------------------------------------------
  BKD:      P1->P2 = +  0.1ms   P2->P3 = + -0.1ms   P1->P3 = + -0.0ms
  Timehash: P1->P2 = +  0.3ms   P2->P3 = + -0.1ms   P1->P3 = +  0.2ms
Traceback (most recent call last):
  File "<benchmark>/benchmark_es_multi3.py", line 506, in <module>
    results = run(dataset, queries)
  File "<benchmark>/benchmark_es_multi3.py", line 490, in run
    "mismatches": mismatches,
NameError: name 'mismatches' is not defined
